<?xml version="1.0" encoding="UTF-8"?>
<robot generator="Robot 6.0.2 (Python 3.11.1 on darwin)" generated="20230129 18:12:45.916" rpa="false" schemaversion="3">
<suite id="s1" name="TC2" source="/Users/olgachmikhun/PycharmProjects/RobotFramework/tests/TC2.robot">
<test id="s1-t1" name="Validate Cards display in the Shoping Page" line="21">
<kw name="open the browser with the Mortgage payment url" library="resource" type="SETUP">
<kw name="Create Webdriver" library="SeleniumLibrary">
<arg>Chrome</arg>
<arg>executable_path=/Users/olgachmikhun/Downloads/chromedriver</arg>
<doc>Creates an instance of Selenium WebDriver.</doc>
<msg timestamp="20230129 18:12:46.164" level="INFO">Creating an instance of the Chrome WebDriver.</msg>
<status status="PASS" starttime="20230129 18:12:46.164" endtime="20230129 18:12:48.149"/>
</kw>
<kw name="Go To" library="SeleniumLibrary">
<arg>${url}</arg>
<doc>Navigates the current browser window to the provided ``url``.</doc>
<msg timestamp="20230129 18:12:48.150" level="INFO">Opening url 'https://rahulshettyacademy.com/loginpagePractise/'</msg>
<status status="PASS" starttime="20230129 18:12:48.150" endtime="20230129 18:12:49.285"/>
</kw>
<status status="PASS" starttime="20230129 18:12:46.164" endtime="20230129 18:12:49.285"/>
</kw>
<kw name="Fill the login Form">
<arg>${user_name}</arg>
<arg>${valid_password}</arg>
<kw name="Input Text" library="SeleniumLibrary">
<arg>id:username</arg>
<arg>${user_name}</arg>
<doc>Types the given ``text`` into the text field identified by ``locator``.</doc>
<msg timestamp="20230129 18:12:49.287" level="INFO">Typing text 'rahulshettyacademy' into text field 'id:username'.</msg>
<status status="PASS" starttime="20230129 18:12:49.286" endtime="20230129 18:12:49.445"/>
</kw>
<kw name="Input Password" library="SeleniumLibrary">
<arg>id:password</arg>
<arg>${valid_password}</arg>
<doc>Types the given password into the text field identified by ``locator``.</doc>
<msg timestamp="20230129 18:12:49.446" level="INFO">Typing password into text field 'id:password'.</msg>
<msg timestamp="20230129 18:12:49.480" level="INFO">Temporally setting log level to: NONE</msg>
<msg timestamp="20230129 18:12:49.532" level="INFO">Log level changed from NONE to INFO.</msg>
<status status="PASS" starttime="20230129 18:12:49.445" endtime="20230129 18:12:49.532"/>
</kw>
<kw name="Click Button" library="SeleniumLibrary">
<arg>signInBtn</arg>
<doc>Clicks the button identified by ``locator``.</doc>
<msg timestamp="20230129 18:12:49.532" level="INFO">Clicking button 'signInBtn'.</msg>
<status status="PASS" starttime="20230129 18:12:49.532" endtime="20230129 18:12:49.610"/>
</kw>
<status status="PASS" starttime="20230129 18:12:49.285" endtime="20230129 18:12:49.610"/>
</kw>
<kw name="wait until element is located in the page">
<arg>${Shop_page_load}</arg>
<kw name="Wait Until Element Is Visible" library="SeleniumLibrary">
<arg>${element}</arg>
<doc>Waits until the element ``locator`` is visible.</doc>
<status status="PASS" starttime="20230129 18:12:49.612" endtime="20230129 18:12:54.542"/>
</kw>
<status status="PASS" starttime="20230129 18:12:49.610" endtime="20230129 18:12:54.542"/>
</kw>
<kw name="Verify Card titles in the Shop page">
<msg timestamp="20230129 18:12:54.542" level="FAIL">User keyword 'Verify Card titles in the Shop page' contains no keywords.</msg>
<status status="FAIL" starttime="20230129 18:12:54.542" endtime="20230129 18:12:54.542"/>
</kw>
<kw name="Close Browser" library="SeleniumLibrary" type="TEARDOWN">
<doc>Closes the current browser.</doc>
<status status="PASS" starttime="20230129 18:12:54.543" endtime="20230129 18:12:54.621"/>
</kw>
<status status="FAIL" starttime="20230129 18:12:46.164" endtime="20230129 18:12:54.621">User keyword 'Verify Card titles in the Shop page' contains no keywords.</status>
</test>
<doc>To valodate the login form</doc>
<status status="FAIL" starttime="20230129 18:12:45.917" endtime="20230129 18:12:54.622"/>
</suite>
<statistics>
<total>
<stat pass="0" fail="1" skip="0">All Tests</stat>
</total>
<tag>
</tag>
<suite>
<stat pass="0" fail="1" skip="0" id="s1" name="TC2">TC2</stat>
</suite>
</statistics>
<errors>
</errors>
</robot>
